====== Start Process JobSendEmail ====== : 05/06/2024 07:59:42
Run batch as :TECHCONS\christopher
ถึงวันครบกําหนดการประเมินแล้ว : 05/06/2024 00:00:00|| DocumentNo : FR-912-036-111-2024-000004
Email sent successfully.|| DocumentNo : FR-912-036-111-2024-000004
----------------------------------------------------------------------------
ยังไม่ถึงวันครบกําหนดการประเมิน : 04/06/2024 00:00:00|| DocumentNo : FR-912-036-111-2024-000005
----------------------------------------------------------------------------
ไม่มีใบงาน FR-912-036-111 : 2
====== End Process Process JobSendEmail ====== : 05/06/2024 07:59:44
====== Start Process JobSendEmail ====== : 05/06/2024 14:25:06
Run batch as :TECHCONS\christopher
ถึงวันครบกําหนดการประเมินแล้ว : 05/06/2024 00:00:00|| DocumentNo : FR-912-036-111-2024-000004
Email sent successfully.|| DocumentNo : FR-912-036-111-2024-000004
----------------------------------------------------------------------------
ยังไม่ถึงวันครบกําหนดการประเมิน : 04/06/2024 00:00:00|| DocumentNo : FR-912-036-111-2024-000005
----------------------------------------------------------------------------
====== End Process Process JobSendEmail ====== : 05/06/2024 14:25:07
====== Start Process JobSendEmail ====== : 05/06/2024 15:20:12
Run batch as :TECHCONS\christopher
ไม่มีใบงาน FR-912-036-111 : 0
====== End Process Process JobSendEmail ====== : 05/06/2024 15:20:14
====== Start Process JobSendEmail ====== : 05/06/2024 15:20:16
Run batch as :TECHCONS\christopher
====== Start Process JobSendEmail ====== : 05/06/2024 15:25:12
Run batch as :TECHCONS\christopher
----------------------------------------------------------------------------
====== End Process Process JobSendEmail ====== : 05/06/2024 15:25:57
====== Start Process JobSendEmail ====== : 05/06/2024 15:30:07
Run batch as :TECHCONS\christopher
----------------------------------------------------------------------------
====== End Process Process JobSendEmail ====== : 05/06/2024 15:30:11
====== Start Process JobSendEmail ====== : 05/06/2024 15:30:16
Run batch as :TECHCONS\christopher
----------------------------------------------------------------------------
====== End Process Process JobSendEmail ====== : 05/06/2024 15:30:23
====== Start Process JobSendEmail ====== : 05/06/2024 15:30:24
Run batch as :TECHCONS\christopher
====== Start Process JobSendEmail ====== : 05/06/2024 15:31:06
Run batch as :TECHCONS\christopher
----------------------------------------------------------------------------
====== End Process Process JobSendEmail ====== : 05/06/2024 15:31:12
====== Start Process JobSendEmail ====== : 05/06/2024 15:31:16
Run batch as :TECHCONS\christopher
----------------------------------------------------------------------------
====== End Process Process JobSendEmail ====== : 05/06/2024 15:31:17
====== Start Process JobSendEmail ====== : 05/06/2024 15:32:46
Run batch as :TECHCONS\christopher
----------------------------------------------------------------------------
====== End Process Process JobSendEmail ====== : 05/06/2024 15:32:47
====== Start Process JobSendEmail ====== : 05/06/2024 15:32:49
Run batch as :TECHCONS\christopher
----------------------------------------------------------------------------
====== End Process Process JobSendEmail ====== : 05/06/2024 15:37:17
====== Start Process JobSendEmail ====== : 05/06/2024 15:37:27
Run batch as :TECHCONS\christopher
====== Start Process JobSendEmail ====== : 05/06/2024 15:55:24
Run batch as :TECHCONS\christopher
====== Start Process JobSendEmail ====== : 05/06/2024 16:01:46
Run batch as :TECHCONS\christopher
====== Start Process JobSendEmail ====== : 05/06/2024 16:02:50
Run batch as :TECHCONS\christopher
====== Start Process JobSendEmail ====== : 05/06/2024 16:04:04
Run batch as :TECHCONS\christopher
====== Start Process JobSendEmail ====== : 05/06/2024 16:12:16
Run batch as :TECHCONS\christopher
====== Start Process JobSendEmail ====== : 05/06/2024 16:26:24
Run batch as :TECHCONS\christopher
====== Start Process JobSendEmail ====== : 05/06/2024 16:27:01
Run batch as :TECHCONS\christopher
====== Start Process JobSendEmail ====== : 05/06/2024 17:04:30
Run batch as :TECHCONS\christopher
====== Start Process JobSendEmail ====== : 05/06/2024 17:09:41
Run batch as :TECHCONS\christopher
====== Start Process JobSendEmail ====== : 05/06/2024 17:09:53
Run batch as :TECHCONS\christopher
====== Start Process JobSendEmail ====== : 05/06/2024 17:12:55
Run batch as :TECHCONS\christopher
====== Start Process JobSendEmail ====== : 05/06/2024 17:19:21
Run batch as :TECHCONS\christopher
====== Start Process JobSendEmail ====== : 05/06/2024 17:20:59
Run batch as :TECHCONS\christopher
====== Start Process JobSendEmail ====== : 05/06/2024 17:22:28
Run batch as :TECHCONS\christopher
====== Start Process JobSendEmail ====== : 05/06/2024 17:22:35
Run batch as :TECHCONS\christopher
====== Start Process JobSendEmail ====== : 05/06/2024 17:25:25
Run batch as :TECHCONS\christopher
====== Start Process JobSendEmail ====== : 05/06/2024 17:26:37
Run batch as :TECHCONS\christopher
====== Start Process JobSendEmail ====== : 05/06/2024 17:29:18
Run batch as :TECHCONS\christopher
----------------------------------------------------------------------------
====== End Process Process JobSendEmail ====== : 05/06/2024 17:29:19
====== Start Process JobSendEmail ====== : 05/06/2024 17:29:22
Run batch as :TECHCONS\christopher
====== Start Process JobSendEmail ====== : 05/06/2024 17:31:43
Run batch as :TECHCONS\christopher
====== Start Process JobSendEmail ====== : 05/06/2024 17:38:50
Run batch as :TECHCONS\christopher
====== Start Process JobSendEmail ====== : 05/06/2024 17:39:49
Run batch as :TECHCONS\christopher
====== Start Process JobSendEmail ====== : 05/06/2024 17:40:08
Run batch as :TECHCONS\christopher
====== Start Process JobSendEmail ====== : 05/06/2024 17:40:50
Run batch as :TECHCONS\christopher
====== Start Process JobSendEmail ====== : 05/06/2024 17:42:25
Run batch as :TECHCONS\christopher
====== Start Process JobSendEmail ====== : 05/06/2024 17:42:41
Run batch as :TECHCONS\christopher
====== Start Process JobSendEmail ====== : 05/06/2024 17:58:32
Run batch as :TECHCONS\christopher
====== Start Process JobSendEmail ====== : 05/06/2024 18:00:21
Run batch as :TECHCONS\christopher
====== Start Process JobSendEmail ====== : 05/06/2024 18:11:07
Run batch as :TECHCONS\christopher
====== Start Process JobSendEmail ====== : 05/06/2024 18:14:41
Run batch as :TECHCONS\christopher
